This is pdfTeX, Version 3.1415926-2.4-1.40.13 (MiKTeX 2.9 64-bit) (preloaded format=pdflatex 2014.1.5)  5 JAN 2014 21:19
entering extended mode
**main.tex
(D:\H_Marco\Schule\Diplomarbeit\doc\main.tex
LaTeX2e <2011/06/27>
Babel <v3.8m> and hyphenation patterns for english, afrikaans, ancientgreek, ar
abic, armenian, assamese, basque, bengali, bokmal, bulgarian, catalan, coptic, 
croatian, czech, danish, dutch, esperanto, estonian, farsi, finnish, french, ga
lician, german, german-x-2012-05-30, greek, gujarati, hindi, hungarian, iceland
ic, indonesian, interlingua, irish, italian, kannada, kurmanji, latin, latvian,
 lithuanian, malayalam, marathi, mongolian, mongolianlmc, monogreek, ngerman, n
german-x-2012-05-30, nynorsk, oriya, panjabi, pinyin, polish, portuguese, roman
ian, russian, sanskrit, serbian, slovak, slovenian, spanish, swedish, swissgerm
an, tamil, telugu, turkish, turkmen, ukenglish, ukrainian, uppersorbian, usengl
ishmax, welsh, loaded.
(D:\Windows8_Programme\MiKTeX\tex\latex\base\book.cls
Document Class: book 2007/10/19 v1.4h Standard LaTeX document class
(D:\Windows8_Programme\MiKTeX\tex\latex\base\bk12.clo
File: bk12.clo 2007/10/19 v1.4h Standard LaTeX file (size option)
)
\c@part=\count79
\c@chapter=\count80
\c@section=\count81
\c@subsection=\count82
\c@subsubsection=\count83
\c@paragraph=\count84
\c@subparagraph=\count85
\c@figure=\count86
\c@table=\count87
\abovecaptionskip=\skip41
\belowcaptionskip=\skip42
\bibindent=\dimen102
)
(D:\Windows8_Programme\MiKTeX\tex\latex\base\inputenc.sty
Package: inputenc 2008/03/30 v1.1d Input encoding file
\inpenc@prehook=\toks14
\inpenc@posthook=\toks15

(D:\Windows8_Programme\MiKTeX\tex\latex\ucs\utf8x.def
File: utf8x.def 2004/10/17 UCS: Input encoding UTF-8
))
(D:\Windows8_Programme\MiKTeX\tex\latex\ucs\ucs.sty
Package: ucs 2013/05/11 v2.2 UCS: Unicode input support

(D:\Windows8_Programme\MiKTeX\tex\latex\ucs\uni-global.def
File: uni-global.def 2013/05/13 UCS: Unicode global data
)
\uc@secondtry=\count88
\uc@combtoks=\toks16
\uc@combtoksb=\toks17
\uc@temptokena=\toks18
)
(D:\Windows8_Programme\MiKTeX\tex\generic\babel\babel.sty
Package: babel 2008/07/08 v3.8m The Babel package

*************************************
* Local config file bblopts.cfg used
*
(D:\Windows8_Programme\MiKTeX\tex\latex\00miktex\bblopts.cfg
File: bblopts.cfg 2006/07/31 v1.0 MiKTeX 'babel' configuration
)
(D:\Windows8_Programme\MiKTeX\tex\generic\babel\germanb.ldf
Language: germanb 2008/06/01 v2.6m German support from the babel system

(D:\Windows8_Programme\MiKTeX\tex\generic\babel\babel.def
File: babel.def 2008/07/08 v3.8m Babel common definitions
\babel@savecnt=\count89
\U@D=\dimen103
)
\l@austrian = a dialect from \language\l@german 
Package babel Info: Making " an active character on input line 102.
))
(D:\Windows8_Programme\MiKTeX\tex\latex\enumitem\enumitem.sty
Package: enumitem 2011/09/28 v3.5.2 Customized lists
\enitkv@toks@=\toks19
\labelindent=\skip43
\enit@outerparindent=\dimen104
\enit@toks=\toks20
\enit@inbox=\box26
\enitdp@description=\count90
)
(D:\Windows8_Programme\MiKTeX\tex\latex\anyfontsize\anyfontsize.sty
Package: anyfontsize 2007/11/22 anyfontsize.sty by pts
)
(D:\Windows8_Programme\MiKTeX\tex\latex\listings\listings.sty
(D:\Windows8_Programme\MiKTeX\tex\latex\graphics\keyval.sty
Package: keyval 1999/03/16 v1.13 key=value parser (DPC)
\KV@toks@=\toks21
)
\lst@mode=\count91
\lst@gtempboxa=\box27
\lst@token=\toks22
\lst@length=\count92
\lst@currlwidth=\dimen105
\lst@column=\count93
\lst@pos=\count94
\lst@lostspace=\dimen106
\lst@width=\dimen107
\lst@newlines=\count95
\lst@lineno=\count96
\lst@maxwidth=\dimen108

(D:\Windows8_Programme\MiKTeX\tex\latex\listings\lstmisc.sty
File: lstmisc.sty 2007/02/22 1.4 (Carsten Heinz)
\c@lstnumber=\count97
\lst@skipnumbers=\count98
\lst@framebox=\box28
)
(D:\Windows8_Programme\MiKTeX\tex\latex\listings\listings.cfg
File: listings.cfg 2007/02/22 1.4 listings configuration
))
Package: listings 2007/02/22 1.4 (Carsten Heinz)

(D:\Windows8_Programme\MiKTeX\tex\latex\graphics\color.sty
Package: color 2005/11/14 v1.0j Standard LaTeX Color (DPC)

(D:\Windows8_Programme\MiKTeX\tex\latex\00miktex\color.cfg
File: color.cfg 2007/01/18 v1.5 color configuration of teTeX/TeXLive
)
Package color Info: Driver file: pdftex.def on input line 130.

(D:\Windows8_Programme\MiKTeX\tex\latex\pdftex-def\pdftex.def
File: pdftex.def 2011/05/27 v0.06d Graphics/color for pdfTeX

(D:\Windows8_Programme\MiKTeX\tex\generic\oberdiek\infwarerr.sty
Package: infwarerr 2010/04/08 v1.3 Providing info/warning/error messages (HO)
)
(D:\Windows8_Programme\MiKTeX\tex\generic\oberdiek\ltxcmds.sty
Package: ltxcmds 2011/11/09 v1.22 LaTeX kernel commands for general use (HO)
)
\Gread@gobject=\count99
))
(D:\Windows8_Programme\MiKTeX\tex\latex\base\fontenc.sty
Package: fontenc 2005/09/27 v1.99g Standard LaTeX package

(D:\Windows8_Programme\MiKTeX\tex\latex\base\t1enc.def
File: t1enc.def 2005/09/27 v1.99g Standard LaTeX file
LaTeX Font Info:    Redeclaring font encoding T1 on input line 43.
))
(D:\Windows8_Programme\MiKTeX\tex\latex\titlesec\titlesec.sty
Package: titlesec 2011/12/15 v2.10.0 Sectioning titles
\ttl@box=\box29
\beforetitleunit=\skip44
\aftertitleunit=\skip45
\ttl@plus=\dimen109
\ttl@minus=\dimen110
\ttl@toksa=\toks23
\titlewidth=\dimen111
\titlewidthlast=\dimen112
\titlewidthfirst=\dimen113
)
(D:\Windows8_Programme\MiKTeX\tex\latex\blindtext\blindtext.sty
Package: blindtext 2012/01/06 V2.0 blindtext-Package

(D:\Windows8_Programme\MiKTeX\tex\latex\tools\xspace.sty
Package: xspace 2009/10/20 v1.13 Space after command names (DPC,MH)
)
\c@blindtext=\count100
\c@Blindtext=\count101
\c@blind@countparstart=\count102
\blind@countxx=\count103
\blindtext@numBlindtext=\count104
\blind@countyy=\count105
\c@blindlist=\count106
\c@blindlistlevel=\count107
\c@blindlist@level=\count108
\blind@listitem=\count109
\c@blind@listcount=\count110
\c@blind@levelcount=\count111
\blind@mathformula=\count112
\blind@Mathformula=\count113
\c@blind@randomcount=\count114
\c@blind@randommax=\count115
\c@blind@pangramcount=\count116
\c@blind@pangrammax=\count117
)
(D:\H_Marco\Schule\Diplomarbeit\doc\main.aux
(D:\H_Marco\Schule\Diplomarbeit\doc\content/tech/html.aux)
(D:\H_Marco\Schule\Diplomarbeit\doc\content/tech/javascript.aux))
LaTeX Font Info:    Checking defaults for OML/cmm/m/it on input line 46.
LaTeX Font Info:    ... okay on input line 46.
LaTeX Font Info:    Checking defaults for T1/cmr/m/n on input line 46.
LaTeX Font Info:    ... okay on input line 46.
LaTeX Font Info:    Checking defaults for OT1/cmr/m/n on input line 46.
LaTeX Font Info:    ... okay on input line 46.
LaTeX Font Info:    Checking defaults for OMS/cmsy/m/n on input line 46.
LaTeX Font Info:    ... okay on input line 46.
LaTeX Font Info:    Checking defaults for OMX/cmex/m/n on input line 46.
LaTeX Font Info:    ... okay on input line 46.
LaTeX Font Info:    Checking defaults for U/cmr/m/n on input line 46.
LaTeX Font Info:    ... okay on input line 46.

(D:\Windows8_Programme\MiKTeX\tex\latex\ucs\ucsencs.def
File: ucsencs.def 2011/01/21 Fixes to fontencodings LGR, T3
)
\c@lstlisting=\count118

(D:\Windows8_Programme\MiKTeX\tex\context\base\supp-pdf.mkii
[Loading MPS to PDF converter (version 2006.09.02).]
\scratchcounter=\count119
\scratchdimen=\dimen114
\scratchbox=\box30
\nofMPsegments=\count120
\nofMParguments=\count121
\everyMPshowfont=\toks24
\MPscratchCnt=\count122
\MPscratchDim=\dimen115
\MPnumerator=\count123
\makeMPintoPDFobject=\count124
\everyMPtoPDFconversion=\toks25
)
LaTeX Font Info:    External font `cmex10' loaded for size
(Font)              <14.4> on input line 50.
LaTeX Font Info:    External font `cmex10' loaded for size
(Font)              <7> on input line 50.
 [1



{C:/ProgramData/MiKTeX/2.9/pdftex/config/pdftex.map}] [2

]
(D:\H_Marco\Schule\Diplomarbeit\doc\main.toc
LaTeX Font Info:    External font `cmex10' loaded for size
(Font)              <12> on input line 3.
LaTeX Font Info:    External font `cmex10' loaded for size
(Font)              <8> on input line 3.
LaTeX Font Info:    External font `cmex10' loaded for size
(Font)              <6> on input line 3.
 [3] [4])
\tf@toc=\write3

(D:\H_Marco\Schule\Diplomarbeit\doc\content/gesamtdokumentation.tex [5]
[6

] (D:\Windows8_Programme\MiKTeX\tex\latex\ucs\uni-0.def
File: uni-0.def 2013/05/13 UCS: Unicode data U+0000..U+00FF
)) [7] [8

]
(D:\H_Marco\Schule\Diplomarbeit\doc\content/zusammenfassung.tex
Kapitel 1.

Overfull \hbox (17.2577pt too wide) in paragraph at lines 1--1
 |[]\T1/cmr/bx/n/24.88 Zusammenfassung des Pro-jek-
 []

) (D:\H_Marco\Schule\Diplomarbeit\doc\content/pflichtenheft.tex
Underfull \hbox (badness 10000) in paragraph at lines 14--1

 []


Underfull \hbox (badness 10000) in paragraph at lines 14--1

 []

[1

] [2

]
Kapitel 2.

Underfull \vbox (badness 1275) has occurred while \output is active []

 [3]
Underfull \hbox (badness 10000) in paragraph at lines 23--26

 []

LaTeX Font Info:    Try loading font information for OMS+cmr on input line 30.
(D:\Windows8_Programme\MiKTeX\tex\latex\base\omscmr.fd
File: omscmr.fd 1999/05/25 v2.5h Standard LaTeX font definitions
)
LaTeX Font Info:    Font shape `OMS/cmr/m/n' in size <12> not available
(Font)              Font shape `OMS/cmsy/m/n' tried instead on input line 30.

Overfull \hbox (10.32306pt too wide) in paragraph at lines 52--53
\T1/cmr/m/n/12 Name, KV (als Dropdown-Menü), Ab-tei-lung (als Dropdown-Menü), R
aum-
 []

[4]
Underfull \hbox (badness 10000) in paragraph at lines 58--61

 []


Underfull \hbox (badness 10000) in paragraph at lines 69--76

 []


Underfull \hbox (badness 10000) in paragraph at lines 69--76

 []


Overfull \hbox (6.57028pt too wide) in paragraph at lines 69--76
\T1/cmr/m/n/12 Verschobene Stun-den wer-den als 2 Ein-trä-ge (ein-mal äus-ge-fa
l-lenmm-
 []


Overfull \hbox (13.62274pt too wide) in paragraph at lines 69--76
\T1/cmr/m/n/12 it dem äus-blen-den--Button) und ein-mal nn-eu ein-ge-fügt"(geke
nnzeichnet
 []


Underfull \hbox (badness 10000) in paragraph at lines 69--76

 []

[5]
Underfull \hbox (badness 10000) in paragraph at lines 80--86

 []


Underfull \hbox (badness 10000) in paragraph at lines 80--86

 []


Underfull \hbox (badness 10000) in paragraph at lines 96--99

 []


Underfull \hbox (badness 10000) in paragraph at lines 100--104

 []

[6]
Underfull \hbox (badness 10000) in paragraph at lines 111--112

 []

(D:\Windows8_Programme\MiKTeX\tex\latex\ucs\uni-32.def
File: uni-32.def 2013/05/13 UCS: Unicode data U+2000..U+20FF
)
Underfull \hbox (badness 10000) in paragraph at lines 120--125

 []


Underfull \hbox (badness 10000) in paragraph at lines 120--125

 []

[7]
Overfull \hbox (8.38477pt too wide) in paragraph at lines 131--132
\T1/cmr/m/n/12 Es wur-de zwar ei-ne Software-Schnittstelle zur ver-wen-de-ten S
chul-Management-
 []

) (D:\H_Marco\Schule\Diplomarbeit\doc\content/systemdokumentation.tex [8]
Kapitel 3.

Overfull \hbox (10.03622pt too wide) in paragraph at lines 9--9
 |[]\T1/cmr/bx/n/17.28 Verwendete Tech-no-lo-gi-en und Ent-wick-lungs-
 []

(D:\H_Marco\Schule\Diplomarbeit\doc\content/tech/https.tex)
(D:\H_Marco\Schule\Diplomarbeit\doc\content/tech/server.tex
(D:\H_Marco\Schule\Diplomarbeit\doc\content/tech/php.tex
(D:\Windows8_Programme\MiKTeX\tex\latex\listings\lstlang1.sty
File: lstlang1.sty 2004/09/05 1.3 listings language file
)
(D:\Windows8_Programme\MiKTeX\tex\latex\listings\lstlang2.sty
File: lstlang2.sty 2004/09/05 1.3 listings language file
)
Underfull \hbox (badness 10000) in paragraph at lines 2--7

 []


Underfull \hbox (badness 10000) in paragraph at lines 2--7

 []

LaTeX Font Info:    Try loading font information for T1+cmtt on input line 7.
(D:\Windows8_Programme\MiKTeX\tex\latex\base\t1cmtt.fd
File: t1cmtt.fd 1999/05/25 v2.5h Standard LaTeX font definitions
)
(D:\Windows8_Programme\MiKTeX\tex\latex\ucs\utf8x.def
File: utf8x.def 2004/10/17 UCS: Input encoding UTF-8
) [9

]
Underfull \hbox (badness 10000) in paragraph at lines 12--14

 []

(D:\Windows8_Programme\MiKTeX\tex\latex\ucs\utf8x.def
File: utf8x.def 2004/10/17 UCS: Input encoding UTF-8
)
LaTeX Font Info:    Font shape `T1/cmtt/bx/n' in size <10> not available
(Font)              Font shape `T1/cmtt/m/n' tried instead on input line 22.
 [10])
(D:\H_Marco\Schule\Diplomarbeit\doc\content/tech/mysql.tex)
(D:\H_Marco\Schule\Diplomarbeit\doc\content/tech/db.tex)
(D:\H_Marco\Schule\Diplomarbeit\doc\content/tech/ldap.tex))
(D:\H_Marco\Schule\Diplomarbeit\doc\content/tech/client.tex
Overfull \hbox (43.4679pt too wide) has occurred while \output is active
\T1/cmr/m/sl/12 3.2.  VERWENDETE TECHNOLOGIEN UND ENTWICKLUNGSWERKZEUGE \T1/cmr
/m/n/12 11
 []

[11] (D:\H_Marco\Schule\Diplomarbeit\doc\content/tech/html.tex) [12

]
(D:\H_Marco\Schule\Diplomarbeit\doc\content/tech/javascript.tex)
Overfull \hbox (43.4679pt too wide) has occurred while \output is active
\T1/cmr/m/sl/12 3.2.  VERWENDETE TECHNOLOGIEN UND ENTWICKLUNGSWERKZEUGE \T1/cmr
/m/n/12 13
 []

[13


]) (D:\H_Marco\Schule\Diplomarbeit\doc\content/tech/phonegap.tex)) [14

]
Anhang A.
(D:\H_Marco\Schule\Diplomarbeit\doc\instructions/main.tex)
(D:\H_Marco\Schule\Diplomarbeit\doc\attachments/buchberger.tex [15

] [16

]
Anhang B.

Overfull \hbox (23.36029pt too wide) in paragraph at lines 1--1
 |[]\T1/cmr/bx/n/24.88 Vertiefende Auf-ga-ben-stel-lung:
 []

) (D:\H_Marco\Schule\Diplomarbeit\doc\attachments/handle.tex [17] [18

]
Anhang C.

Overfull \hbox (23.66505pt too wide) in paragraph at lines 1--1
 |[]\T1/cmr/bx/n/24.88 Vertiefende Auf-ga-ben-stel-lung:
 []

) (D:\H_Marco\Schule\Diplomarbeit\doc\attachments/klotz.tex [19] [20

]
Anhang D.

Overfull \hbox (24.80762pt too wide) in paragraph at lines 1--1
 |[]\T1/cmr/bx/n/24.88 Vertiefende Auf-ga-ben-stel-lung:
 []

) (D:\H_Marco\Schule\Diplomarbeit\doc\attachments/weiland.tex [21] [22

]
Anhang E.

Overfull \hbox (21.9298pt too wide) in paragraph at lines 1--1
 |[]\T1/cmr/bx/n/24.88 Vertiefende Auf-ga-ben-stel-lung:
 []

) (D:\H_Marco\Schule\Diplomarbeit\doc\attachments/planung.tex [23] [24

]
Anhang F.
) [25] [26

] (D:\H_Marco\Schule\Diplomarbeit\doc\main.lof)
\tf@lof=\write4
 [27] [28

]
(D:\H_Marco\Schule\Diplomarbeit\doc\main.lot)
\tf@lot=\write5
 [29] [30

]
(D:\H_Marco\Schule\Diplomarbeit\doc\main.aux
(D:\H_Marco\Schule\Diplomarbeit\doc\content/tech/html.aux)
(D:\H_Marco\Schule\Diplomarbeit\doc\content/tech/javascript.aux)) ) 
Here is how much of TeX's memory you used:
 6800 strings out of 493921
 102150 string characters out of 3146882
 444603 words of memory out of 3000000
 9958 multiletter control sequences out of 15000+200000
 17807 words of font info for 41 fonts, out of 3000000 for 9000
 841 hyphenation exceptions out of 8191
 37i,6n,49p,778b,3147s stack positions out of 5000i,500n,10000p,200000b,50000s
{D:/Windows8
_Programme/MiKTeX/fonts/enc/dvips/cm-super/cm-super-t1.enc}<D:/Windows8_Program
me/MiKTeX/fonts/type1/public/amsfonts/cm/cmsy10.pfb><D:/Windows8_Programme/MiKT
eX/fonts/type1/public/cm-super/sfbx1200.pfb><D:/Windows8_Programme/MiKTeX/fonts
/type1/public/cm-super/sfbx1440.pfb><D:/Windows8_Programme/MiKTeX/fonts/type1/p
ublic/cm-super/sfbx1728.pfb><D:/Windows8_Programme/MiKTeX/fonts/type1/public/cm
-super/sfbx2488.pfb><D:/Windows8_Programme/MiKTeX/fonts/type1/public/cm-super/s
fcc1440.pfb><D:/Windows8_Programme/MiKTeX/fonts/type1/public/cm-super/sfit1000.
pfb><D:/Windows8_Programme/MiKTeX/fonts/type1/public/cm-super/sfrm1200.pfb><D:/
Windows8_Programme/MiKTeX/fonts/type1/public/cm-super/sfrm1440.pfb><D:/Windows8
_Programme/MiKTeX/fonts/type1/public/cm-super/sfrm2074.pfb><D:/Windows8_Program
me/MiKTeX/fonts/type1/public/cm-super/sfsl1200.pfb><D:/Windows8_Programme/MiKTe
X/fonts/type1/public/cm-super/sfti1200.pfb><D:/Windows8_Programme/MiKTeX/fonts/
type1/public/cm-super/sftt1000.pfb>
Output written on main.pdf (38 pages, 269234 bytes).
PDF statistics:
 179 PDF objects out of 1000 (max. 8388607)
 0 named destinations out of 1000 (max. 500000)
 1 words of extra memory for PDF output out of 10000 (max. 10000000)

